<?xml version="1.0" encoding="UTF-8"?>
<!-- Generated by org.testng.reporters.JUnitReportReporter -->
<testsuite skipped="0" hostname="DESKTOP-1ESRFEC" name="com.qtpselenium.Zoho.project.testcases.DealTest" tests="3" failures="0" timestamp="13 Feb 2018 18:13:12 GMT" time="81.035" errors="0">
  <testcase name="createDeal" time="42.358" classname="com.qtpselenium.Zoho.project.testcases.DealTest"/>
  <testcase name="createDeal" time="38.675" classname="com.qtpselenium.Zoho.project.testcases.DealTest"/>
  <testcase name="DeleteLead" time="0.002" classname="com.qtpselenium.Zoho.project.testcases.DealTest"/>
</testsuite> <!-- com.qtpselenium.Zoho.project.testcases.DealTest -->
